<?xml version="1.0" encoding="UTF-8"?>
<!-- Generated by org.testng.reporters.JUnitXMLReporter -->
<testsuite hostname="DESKTOP-MUEUS88" name="Test" tests="6" failures="0" timestamp="25 Oct 2022 23:33:28 GMT" time="0.043" errors="0">
  <testcase name="logintoAPPforPersonalLoan" time="0.013" classname="MavenProject.FirstScript.PersonalLoan"/>
  <testcase name="logintoBranchforPersonalLoan" time="0.002" classname="MavenProject.FirstScript.PersonalLoan"/>
  <testcase name="logintoAPPforCarLoan" time="0.001" classname="MavenProject.FirstScript.CarLoan"/>
  <testcase name="logintoBranchforCarLoan" time="0.0" classname="MavenProject.FirstScript.CarLoan"/>
  <testcase name="logintoAPPforHomeLoan" time="0.001" classname="MavenProject.FirstScript.Homeloan"/>
  <testcase name="logintoBranchforHomeLoan" time="0.0" classname="MavenProject.FirstScript.Homeloan"/>
</testsuite> <!-- Test -->
