<?xml version="1.0" encoding="UTF-8"?>
<testsuite xmlns:xsi="http://www.w3.org/2001/XMLSchema-instance" xsi:noNamespaceSchemaLocation="https://maven.apache.org/surefire/maven-surefire-plugin/xsd/surefire-test-report-3.0.xsd" version="3.0" name="TestSuite" time="1.971" tests="6" errors="0" skipped="0" failures="0">
  <properties>
[...]
</properties>
  <testcase name="logintoAPPforPersonalLoan" classname="MavenProject.FirstScript.PersonalLoan" time="0.015">
    <system-out><![CDATA[logintoAPPforPersonalLoan
]]></system-out>
  </testcase>
  <testcase name="logintoBranchforPersonalLoan" classname="MavenProject.FirstScript.PersonalLoan" time="0.001">
    <system-out><![CDATA[logintoBranchforCPersonalLoan
]]></system-out>
  </testcase>
  <testcase name="logintoAPPforCarLoan" classname="MavenProject.FirstScript.CarLoan" time="0.001">
    <system-out><![CDATA[logintoAPPforCarLoan
]]></system-out>
  </testcase>
  <testcase name="logintoBranchforCarLoan" classname="MavenProject.FirstScript.CarLoan" time="0.001">
    <system-out><![CDATA[logintoBranchforCarLoan
]]></system-out>
  </testcase>
  <testcase name="logintoAPPforHomeLoan" classname="MavenProject.FirstScript.Homeloan" time="0.001">
    <system-out><![CDATA[logintoAPPforHomeLoan
]]></system-out>
  </testcase>
  <testcase name="logintoBranchforHomeLoan" classname="MavenProject.FirstScript.Homeloan" time="0.003">
    <system-out><![CDATA[logintoBranchforHomeLoan
]]></system-out>
  </testcase>
</testsuite>